<html>
<head>
<title>TestNG:  Test</title>
<link href="../testng.css" rel="stylesheet" type="text/css" />
<link href="../my-testng.css" rel="stylesheet" type="text/css" />

<style type="text/css">
.log { display: none;} 
.stack-trace { display: none;} 
</style>
<script type="text/javascript">
<!--
function flip(e) {
  current = e.style.display;
  if (current == 'block') {
    e.style.display = 'none';
    return 0;
  }
  else {
    e.style.display = 'block';
    return 1;
  }
}

function toggleBox(szDivId, elem, msg1, msg2)
{
  var res = -1;  if (document.getElementById) {
    res = flip(document.getElementById(szDivId));
  }
  else if (document.all) {
    // this is the way old msie versions work
    res = flip(document.all[szDivId]);
  }
  if(elem) {
    if(res == 0) elem.innerHTML = msg1; else elem.innerHTML = msg2;
  }

}

function toggleAllBoxes() {
  if (document.getElementsByTagName) {
    d = document.getElementsByTagName('div');
    for (i = 0; i < d.length; i++) {
      if (d[i].className == 'log') {
        flip(d[i]);
      }
    }
  }
}

// -->
</script>

</head>
<body>
<h2 align='center'>Test</h2><table border='1' align="center">
<tr>
<td>Tests passed/Failed/Skipped:</td><td>16/1/0</td>
</tr><tr>
<td>Started on:</td><td>Thu Nov 24 00:08:36 IST 2022</td>
</tr>
<tr><td>Total time:</td><td>34 seconds (34258 ms)</td>
</tr><tr>
<td>Included groups:</td><td></td>
</tr><tr>
<td>Excluded groups:</td><td></td>
</tr>
</table><p/>
<small><i>(Hover the method name to see the test class name)</i></small><p/>
<table width='100%' border='1' class='invocation-failed'>
<tr><td colspan='4' align='center'><b>FAILED TESTS</b></td></tr>
<tr><td><b>Test method</b></td>
<td width="30%"><b>Exception</b></td>
<td width="10%"><b>Time (seconds)</b></td>
<td><b>Instance</b></td>
</tr>
<tr>
<td title='day4.LoginDataProvider.logintest()'><b>logintest</b><br>Test class: day4.LoginDataProvider<br>Parameters: samplemukesh2@gmail.com, Mukesh1234</td>
<td><div><pre>org.openqa.selenium.NoSuchElementException: no such element: Unable to locate element: {&quot;method&quot;:&quot;xpath&quot;,&quot;selector&quot;:&quot;//button[contains(text(),&apos;Sign out&apos;)]&quot;}
  (Session info: chrome=107.0.5304.107)
For documentation on this error, please visit: https://selenium.dev/exceptions/#no_such_element
Build info: version: &apos;4.6.0&apos;, revision: &apos;79f1c02ae20&apos;
System info: os.name: &apos;Windows 11&apos;, os.arch: &apos;amd64&apos;, os.version: &apos;10.0&apos;, java.version: &apos;17.0.5&apos;
Driver info: org.openqa.selenium.chrome.ChromeDriver
Command: [84f586b3ced25f43fdcd817bf91a7dd9, findElement {using=xpath, value=//button[contains(text(),&apos;Sign out&apos;)]}]
Capabilities {acceptInsecureCerts: false, browserName: chrome, browserVersion: 107.0.5304.107, chrome: {chromedriverVersion: 107.0.5304.62 (1eec40d3a576..., userDataDir: C:\Users\naimahes\AppData\L...}, goog:chromeOptions: {debuggerAddress: localhost:53083}, networkConnectionEnabled: false, pageLoadStrategy: normal, platformName: WINDOWS, proxy: Proxy(), se:cdp: ws://localhost:53083/devtoo..., se:cdpVersion: 107.0.5304.107, setWindowRect: true, strictFileInteractability: false, timeouts: {implicit: 0, pageLoad: 300000, script: 30000}, unhandledPromptBehavior: dismiss and notify, webauthn:extension:credBlob: true, webauthn:extension:largeBlob: true, webauthn:virtualAuthenticators: true}
Session ID: 84f586b3ced25f43fdcd817bf91a7dd9
	at org.openqa.selenium.remote.codec.w3c.W3CHttpResponseCodec.createException(W3CHttpResponseCodec.java:200)
	at org.openqa.selenium.remote.codec.w3c.W3CHttpResponseCodec.decode(W3CHttpResponseCodec.java:133)
	at org.openqa.selenium.remote.codec.w3c.W3CHttpResponseCodec.decode(W3CHttpResponseCodec.java:53)
	at org.openqa.selenium.remote.HttpCommandExecutor.execute(HttpCommandExecutor.java:184)
	at org.openqa.selenium.remote.service.DriverCommandExecutor.invokeExecute(DriverCommandExecutor.java:167)
	at org.openqa.selenium.remote.service.DriverCommandExecutor.execute(DriverCommandExecutor.java:142)
	at org.openqa.selenium.remote.RemoteWebDriver.execute(RemoteWebDriver.java:541)
	at org.openqa.selenium.remote.ElementLocation$ElementFinder$2.findElement(ElementLocation.java:162)
	at org.openqa.selenium.remote.ElementLocation.findElement(ElementLocation.java:60)
	at org.openqa.selenium.remote.RemoteWebDriver.findElement(RemoteWebDriver.java:365)
	at org.openqa.selenium.remote.RemoteWebDriver.findElement(RemoteWebDriver.java:357)
	at day4.LoginDataProvider.logintest(LoginDataProvider.java:43)
	at java.base/java.util.concurrent.ThreadPoolExecutor.runWorker(ThreadPoolExecutor.java:1136)
	at java.base/java.util.concurrent.ThreadPoolExecutor$Worker.run(ThreadPoolExecutor.java:635)
	at java.base/java.lang.Thread.run(Thread.java:833)
... Removed 17 stack frames</pre></div><a href='#' onClick='toggleBox("stack-trace1217584493", this, "Click to show all stack frames", "Click to hide stack frames")'>Click to show all stack frames</a>
<div class='stack-trace' id='stack-trace1217584493'><pre>org.openqa.selenium.NoSuchElementException: no such element: Unable to locate element: {&quot;method&quot;:&quot;xpath&quot;,&quot;selector&quot;:&quot;//button[contains(text(),&apos;Sign out&apos;)]&quot;}
  (Session info: chrome=107.0.5304.107)
For documentation on this error, please visit: https://selenium.dev/exceptions/#no_such_element
Build info: version: &apos;4.6.0&apos;, revision: &apos;79f1c02ae20&apos;
System info: os.name: &apos;Windows 11&apos;, os.arch: &apos;amd64&apos;, os.version: &apos;10.0&apos;, java.version: &apos;17.0.5&apos;
Driver info: org.openqa.selenium.chrome.ChromeDriver
Command: [84f586b3ced25f43fdcd817bf91a7dd9, findElement {using=xpath, value=//button[contains(text(),&apos;Sign out&apos;)]}]
Capabilities {acceptInsecureCerts: false, browserName: chrome, browserVersion: 107.0.5304.107, chrome: {chromedriverVersion: 107.0.5304.62 (1eec40d3a576..., userDataDir: C:\Users\naimahes\AppData\L...}, goog:chromeOptions: {debuggerAddress: localhost:53083}, networkConnectionEnabled: false, pageLoadStrategy: normal, platformName: WINDOWS, proxy: Proxy(), se:cdp: ws://localhost:53083/devtoo..., se:cdpVersion: 107.0.5304.107, setWindowRect: true, strictFileInteractability: false, timeouts: {implicit: 0, pageLoad: 300000, script: 30000}, unhandledPromptBehavior: dismiss and notify, webauthn:extension:credBlob: true, webauthn:extension:largeBlob: true, webauthn:virtualAuthenticators: true}
Session ID: 84f586b3ced25f43fdcd817bf91a7dd9
	at java.base/jdk.internal.reflect.NativeConstructorAccessorImpl.newInstance0(Native Method)
	at java.base/jdk.internal.reflect.NativeConstructorAccessorImpl.newInstance(NativeConstructorAccessorImpl.java:77)
	at java.base/jdk.internal.reflect.DelegatingConstructorAccessorImpl.newInstance(DelegatingConstructorAccessorImpl.java:45)
	at java.base/java.lang.reflect.Constructor.newInstanceWithCaller(Constructor.java:499)
	at java.base/java.lang.reflect.Constructor.newInstance(Constructor.java:480)
	at org.openqa.selenium.remote.codec.w3c.W3CHttpResponseCodec.createException(W3CHttpResponseCodec.java:200)
	at org.openqa.selenium.remote.codec.w3c.W3CHttpResponseCodec.decode(W3CHttpResponseCodec.java:133)
	at org.openqa.selenium.remote.codec.w3c.W3CHttpResponseCodec.decode(W3CHttpResponseCodec.java:53)
	at org.openqa.selenium.remote.HttpCommandExecutor.execute(HttpCommandExecutor.java:184)
	at org.openqa.selenium.remote.service.DriverCommandExecutor.invokeExecute(DriverCommandExecutor.java:167)
	at org.openqa.selenium.remote.service.DriverCommandExecutor.execute(DriverCommandExecutor.java:142)
	at org.openqa.selenium.remote.RemoteWebDriver.execute(RemoteWebDriver.java:541)
	at org.openqa.selenium.remote.ElementLocation$ElementFinder$2.findElement(ElementLocation.java:162)
	at org.openqa.selenium.remote.ElementLocation.findElement(ElementLocation.java:60)
	at org.openqa.selenium.remote.RemoteWebDriver.findElement(RemoteWebDriver.java:365)
	at org.openqa.selenium.remote.RemoteWebDriver.findElement(RemoteWebDriver.java:357)
	at day4.LoginDataProvider.logintest(LoginDataProvider.java:43)
	at java.base/jdk.internal.reflect.NativeMethodAccessorImpl.invoke0(Native Method)
	at java.base/jdk.internal.reflect.NativeMethodAccessorImpl.invoke(NativeMethodAccessorImpl.java:77)
	at java.base/jdk.internal.reflect.DelegatingMethodAccessorImpl.invoke(DelegatingMethodAccessorImpl.java:43)
	at java.base/java.lang.reflect.Method.invoke(Method.java:568)
	at org.testng.internal.MethodInvocationHelper.invokeMethod(MethodInvocationHelper.java:133)
	at org.testng.internal.TestInvoker.invokeMethod(TestInvoker.java:598)
	at org.testng.internal.TestInvoker.invokeTestMethod(TestInvoker.java:173)
	at org.testng.internal.MethodRunner.runInSequence(MethodRunner.java:46)
	at org.testng.internal.TestInvoker$MethodInvocationAgent.invoke(TestInvoker.java:824)
	at org.testng.internal.TestInvoker.invokeTestMethods(TestInvoker.java:146)
	at org.testng.internal.TestMethodWorker.invokeTestMethods(TestMethodWorker.java:146)
	at org.testng.internal.TestMethodWorker.run(TestMethodWorker.java:128)
	at java.base/java.util.concurrent.ThreadPoolExecutor.runWorker(ThreadPoolExecutor.java:1136)
	at java.base/java.util.concurrent.ThreadPoolExecutor$Worker.run(ThreadPoolExecutor.java:635)
	at java.base/java.lang.Thread.run(Thread.java:833)
</pre></div></td>
<td>5</td>
<td>day4.LoginDataProvider@5bd03f44</td></tr>
</table><p>
<table width='100%' border='1' class='invocation-passed'>
<tr><td colspan='4' align='center'><b>PASSED TESTS</b></td></tr>
<tr><td><b>Test method</b></td>
<td width="30%"><b>Exception</b></td>
<td width="10%"><b>Time (seconds)</b></td>
<td><b>Instance</b></td>
</tr>
<tr>
<td title='Day3.LoginTest.invalidpass()'><b>invalidpass</b><br>Test class: Day3.LoginTest</td>
<td></td>
<td>1</td>
<td>Day3.LoginTest@41fbdac4</td></tr>
<tr>
<td title='day4.LoginDataProvider.logintest()'><b>logintest</b><br>Test class: day4.LoginDataProvider<br>Parameters: sample9@gmail.com, Mukesh1234</td>
<td></td>
<td>2</td>
<td>day4.LoginDataProvider@5bd03f44</td></tr>
<tr>
<td title='day4.LoginDataProvider.logintest()'><b>logintest</b><br>Test class: day4.LoginDataProvider<br>Parameters: samplemukesh1@gmail.com, Mukesh1234</td>
<td></td>
<td>2</td>
<td>day4.LoginDataProvider@5bd03f44</td></tr>
<tr>
<td title='Day3.LoginTest.invaliduser()'><b>invaliduser</b><br>Test class: Day3.LoginTest</td>
<td></td>
<td>1</td>
<td>Day3.LoginTest@41fbdac4</td></tr>
<tr>
<td title='Day3.MyFirstTestNG.deleteAccount()'><b>deleteAccount</b><br>Test class: Day3.MyFirstTestNG</td>
<td></td>
<td>0</td>
<td>Day3.MyFirstTestNG@61df66b6</td></tr>
<tr>
<td title='Day3.NewUser.createuser()'><b>createuser</b><br>Test class: Day3.NewUser</td>
<td></td>
<td>7</td>
<td>Day3.NewUser@291ae</td></tr>
<tr>
<td title='day4.LoginDataProvider.logintest()'><b>logintest</b><br>Test class: day4.LoginDataProvider<br>Parameters: samplemukesh@gmail.com, Mukesh1234</td>
<td></td>
<td>2</td>
<td>day4.LoginDataProvider@5bd03f44</td></tr>
<tr>
<td title='Day3.SmokeTest.Url()'><b>Url</b><br>Test class: Day3.SmokeTest</td>
<td></td>
<td>0</td>
<td>Day3.SmokeTest@3c407114</td></tr>
<tr>
<td title='day4.ReadingExcel.testdata()'><b>testdata</b><br>Test class: day4.ReadingExcel</td>
<td></td>
<td>0</td>
<td>day4.ReadingExcel@50eac852</td></tr>
<tr>
<td title='Day3.MyFirstTestNG.login()'><b>login</b><br>Test class: Day3.MyFirstTestNG</td>
<td></td>
<td>0</td>
<td>Day3.MyFirstTestNG@61df66b6</td></tr>
<tr>
<td title='Day3.MyFirstTestNG.logout()'><b>logout</b><br>Test class: Day3.MyFirstTestNG</td>
<td></td>
<td>0</td>
<td>Day3.MyFirstTestNG@61df66b6</td></tr>
<tr>
<td title='Day3.MyFirstTestNgTest3.login()'><b>login</b><br>Test class: Day3.MyFirstTestNgTest3<br/>
<a href="#Output-2066533027" onClick='toggleBox("Output-2066533027", this, "Show output", "Hide output");'>Show output</a>

<a href="#Output-2066533027" onClick="toggleAllBoxes();">Show all outputs</a>
<div class='log' id="Output-2066533027">
Login Done<br/>
</div>
</td>
<td></td>
<td>0</td>
<td>Day3.MyFirstTestNgTest3@68999068</td></tr>
<tr>
<td title='Day3.MyFirstTestNG.createAccount()'><b>createAccount</b><br>Test class: Day3.MyFirstTestNG</td>
<td></td>
<td>0</td>
<td>Day3.MyFirstTestNG@61df66b6</td></tr>
<tr>
<td title='Day3.LoginTest.validuserpass()'><b>validuserpass</b><br>Test class: Day3.LoginTest</td>
<td></td>
<td>3</td>
<td>Day3.LoginTest@41fbdac4</td></tr>
<tr>
<td title='Day3.LoginTest.Invalidpassuser()'><b>Invalidpassuser</b><br>Test class: Day3.LoginTest</td>
<td></td>
<td>1</td>
<td>Day3.LoginTest@41fbdac4</td></tr>
<tr>
<td title='Day3.MyFirstTestNgTest3.logoutOnMethods()'><b>logoutOnMethods</b><br>Test class: Day3.MyFirstTestNgTest3</td>
<td></td>
<td>0</td>
<td>Day3.MyFirstTestNgTest3@68999068</td></tr>
</table><p>
</body>
</html>